Build started 1/9/2015 11:09:29 PM.
     1>Project "C:\Users\Manika\Documents\GitHub\SPA\SPA\SPA_UnitTest\SPA_UnitTest.vcxproj" on node 2 (Build target(s)).
     1>ClCompile:
         C:\Program Files (x86)\Microsoft Visual Studio 14.0\VC\bin\x86_amd64\CL.exe /c /I"C:\Program Files (x86)\Microsoft Visual Studio 14.0\VC\UnitTest\include" /Zi /nologo /W3 /WX- /O2 /Oi /GL /D NDEBUG /D _WINDLL /D _UNICODE /D UNICODE /Gm- /EHsc /MD /GS /Gy /fp:precise /Zc:wchar_t /Zc:forScope /Zc:inline /Yc"stdafx.h" /Fp"x64\Release\SPA_UnitTest.pch" /Fo"x64\Release\\" /Fd"x64\Release\vc140.pdb" /Gd /TP /FC /errorReport:prompt stdafx.cpp
         stdafx.cpp
         C:\Program Files (x86)\Microsoft Visual Studio 14.0\VC\bin\x86_amd64\CL.exe /c /I"C:\Program Files (x86)\Microsoft Visual Studio 14.0\VC\UnitTest\include" /Zi /nologo /W3 /WX- /O2 /Oi /GL /D NDEBUG /D _WINDLL /D _UNICODE /D UNICODE /Gm- /EHsc /MD /GS /Gy /fp:precise /Zc:wchar_t /Zc:forScope /Zc:inline /Yu"stdafx.h" /Fp"x64\Release\SPA_UnitTest.pch" /Fo"x64\Release\\" /Fd"x64\Release\vc140.pdb" /Gd /TP /FC /errorReport:prompt unittest1.cpp ValidatorTest.cpp
         unittest1.cpp
     1>c:\program files (x86)\windows kits\8.1\include\um\parser.h(60): error C3646: 'm_cCurToken': unknown override specifier
     1>c:\program files (x86)\windows kits\8.1\include\um\parser.h(60): error C2143: syntax error: missing ',' before '['
     1>c:\program files (x86)\windows kits\8.1\include\um\parser.h(60): error C2143: syntax error: missing ')' before ';'
     1>c:\program files (x86)\windows kits\8.1\include\um\parser.h(60): error C2238: unexpected token(s) preceding ';'
     1>c:\program files (x86)\windows kits\8.1\include\um\parser.h(61): error C3646: 'm_cCurWord': unknown override specifier
     1>c:\program files (x86)\windows kits\8.1\include\um\parser.h(61): error C2143: syntax error: missing ',' before '['
     1>c:\program files (x86)\windows kits\8.1\include\um\parser.h(61): error C2143: syntax error: missing ')' before ';'
     1>c:\program files (x86)\windows kits\8.1\include\um\parser.h(61): error C2238: unexpected token(s) preceding ';'
     1>c:\program files (x86)\windows kits\8.1\include\um\parser.h(62): error C3646: 'm_cCurBuffer': unknown override specifier
     1>c:\program files (x86)\windows kits\8.1\include\um\parser.h(62): error C2143: syntax error: missing ',' before '['
     1>c:\program files (x86)\windows kits\8.1\include\um\parser.h(62): error C2143: syntax error: missing ')' before ';'
     1>c:\program files (x86)\windows kits\8.1\include\um\parser.h(62): error C2238: unexpected token(s) preceding ';'
     1>c:\program files (x86)\windows kits\8.1\include\um\parser.h(64): error C2143: syntax error: missing ';' before '*'
     1>c:\program files (x86)\windows kits\8.1\include\um\parser.h(64): error C4430: missing type specifier - int assumed. Note: C++ does not support default-int
     1>c:\program files (x86)\windows kits\8.1\include\um\parser.h(64): error C2238: unexpected token(s) preceding ';'
     1>c:\program files (x86)\windows kits\8.1\include\um\parser.h(65): error C3646: 'm_dwError': unknown override specifier
     1>c:\program files (x86)\windows kits\8.1\include\um\parser.h(65): error C4430: missing type specifier - int assumed. Note: C++ does not support default-int
     1>c:\program files (x86)\windows kits\8.1\include\um\parser.h(68): error C3646: 'Read': unknown override specifier
     1>c:\program files (x86)\windows kits\8.1\include\um\parser.h(68): error C2059: syntax error: '('
     1>c:\program files (x86)\windows kits\8.1\include\um\parser.h(68): error C2238: unexpected token(s) preceding ';'
     1>c:\program files (x86)\windows kits\8.1\include\um\parser.h(69): error C3646: 'SetError': unknown override specifier
     1>c:\program files (x86)\windows kits\8.1\include\um\parser.h(69): error C2059: syntax error: '('
     1>c:\program files (x86)\windows kits\8.1\include\um\parser.h(69): error C2334: unexpected token(s) preceding '{'; skipping apparent function body
     1>c:\program files (x86)\windows kits\8.1\include\um\parser.h(83): error C2143: syntax error: missing ';' before '*'
     1>c:\program files (x86)\windows kits\8.1\include\um\parser.h(83): error C4430: missing type specifier - int assumed. Note: C++ does not support default-int
     1>c:\program files (x86)\windows kits\8.1\include\um\parser.h(83): error C2238: unexpected token(s) preceding ';'
     1>c:\program files (x86)\windows kits\8.1\include\um\parser.h(84): error C2143: syntax error: missing ';' before '*'
     1>c:\program files (x86)\windows kits\8.1\include\um\parser.h(84): error C4430: missing type specifier - int assumed. Note: C++ does not support default-int
     1>c:\program files (x86)\windows kits\8.1\include\um\parser.h(84): error C2238: unexpected token(s) preceding ';'
     1>c:\program files (x86)\windows kits\8.1\include\um\parser.h(86): error C3646: 'Start': unknown override specifier
     1>c:\program files (x86)\windows kits\8.1\include\um\parser.h(86): error C2059: syntax error: '('
     1>c:\program files (x86)\windows kits\8.1\include\um\parser.h(86): error C2238: unexpected token(s) preceding ';'
     1>c:\program files (x86)\windows kits\8.1\include\um\parser.h(88): error C2143: syntax error: missing ';' before '*'
     1>c:\program files (x86)\windows kits\8.1\include\um\parser.h(88): error C4430: missing type specifier - int assumed. Note: C++ does not support default-int
     1>c:\program files (x86)\windows kits\8.1\include\um\parser.h(88): error C2238: unexpected token(s) preceding ';'
     1>c:\program files (x86)\windows kits\8.1\include\um\parser.h(89): error C3646: 'GetError': unknown override specifier
     1>c:\program files (x86)\windows kits\8.1\include\um\parser.h(89): error C2059: syntax error: '('
     1>c:\program files (x86)\windows kits\8.1\include\um\parser.h(89): error C2334: unexpected token(s) preceding '{'; skipping apparent function body
     1>c:\program files (x86)\windows kits\8.1\include\um\parser.h(74): error C2065: 'm_cCurBuffer': undeclared identifier
     1>c:\program files (x86)\windows kits\8.1\include\um\parser.h(75): error C2065: 'm_pCurrentIndex': undeclared identifier
     1>c:\program files (x86)\windows kits\8.1\include\um\parser.h(76): error C2065: 'm_dwError': undeclared identifier
     1>c:\program files (x86)\windows kits\8.1\include\um\parser.h(94): error C2143: syntax error: missing ';' before '*'
     1>c:\program files (x86)\windows kits\8.1\include\um\parser.h(94): error C4430: missing type specifier - int assumed. Note: C++ does not support default-int
     1>c:\program files (x86)\windows kits\8.1\include\um\parser.h(94): error C2238: unexpected token(s) preceding ';'
     1>c:\program files (x86)\windows kits\8.1\include\um\parser.h(109): error C3646: 'AddTail': unknown override specifier
     1>c:\program files (x86)\windows kits\8.1\include\um\parser.h(109): error C2059: syntax error: '('
     1>c:\program files (x86)\windows kits\8.1\include\um\parser.h(109): error C2238: unexpected token(s) preceding ';'
     1>c:\program files (x86)\windows kits\8.1\include\um\parser.h(110): error C3646: 'GetTail': unknown override specifier
     1>c:\program files (x86)\windows kits\8.1\include\um\parser.h(110): error C2059: syntax error: '('
     1>c:\program files (x86)\windows kits\8.1\include\um\parser.h(110): error C2238: unexpected token(s) preceding ';'
     1>c:\users\manika\documents\github\spa\spa\spa_unittest\unittest1.cpp(18): error C2065: 'list': undeclared identifier
     1>c:\users\manika\documents\github\spa\spa\spa_unittest\unittest1.cpp(18): error C2065: 'string': undeclared identifier
     1>c:\users\manika\documents\github\spa\spa\spa_unittest\unittest1.cpp(18): error C2065: 'strList': undeclared identifier
     1>c:\users\manika\documents\github\spa\spa\spa_unittest\unittest1.cpp(20): error C2065: 'strList': undeclared identifier
     1>c:\users\manika\documents\github\spa\spa\spa_unittest\unittest1.cpp(20): error C2228: left of '.push_back' must have class/struct/union
         c:\users\manika\documents\github\spa\spa\spa_unittest\unittest1.cpp(20): note: type is 'unknown-type'
     1>c:\users\manika\documents\github\spa\spa\spa_unittest\unittest1.cpp(21): error C2065: 'strList': undeclared identifier
     1>c:\users\manika\documents\github\spa\spa\spa_unittest\unittest1.cpp(21): error C2228: left of '.push_back' must have class/struct/union
         c:\users\manika\documents\github\spa\spa\spa_unittest\unittest1.cpp(21): note: type is 'unknown-type'
     1>c:\users\manika\documents\github\spa\spa\spa_unittest\unittest1.cpp(22): error C2065: 'strList': undeclared identifier
     1>c:\users\manika\documents\github\spa\spa\spa_unittest\unittest1.cpp(22): error C2228: left of '.push_back' must have class/struct/union
         c:\users\manika\documents\github\spa\spa\spa_unittest\unittest1.cpp(22): note: type is 'unknown-type'
         ValidatorTest.cpp
     1>c:\users\manika\documents\github\spa\spa\spa_unittest\validatortest.cpp(3): fatal error C1083: Cannot open include file: 'QueryValidator.h': No such file or directory
     1>Done Building Project "C:\Users\Manika\Documents\GitHub\SPA\SPA\SPA_UnitTest\SPA_UnitTest.vcxproj" (Build target(s)) -- FAILED.

Build FAILED.

Time Elapsed 00:00:01.12
